<?xml version="1.0" encoding="UTF-8"?>
<!-- Generated by org.testng.reporters.JUnitXMLReporter -->
<testsuite hostname="Nafa" ignored="0" name="Default test" tests="21" failures="0" timestamp="17 Oct 2019 22:02:58 GMT" time="17.604" errors="0">
  <testcase name="checkLanguage" time="0.092" classname="com.vlocity.qe.WikipediaTest"/>
  <testcase name="checkLanguage" time="0.084" classname="com.vlocity.qe.WikipediaTest"/>
  <testcase name="checkLanguage" time="0.072" classname="com.vlocity.qe.WikipediaTest"/>
  <testcase name="checkLanguage" time="0.076" classname="com.vlocity.qe.WikipediaTest"/>
  <testcase name="checkLanguage" time="0.067" classname="com.vlocity.qe.WikipediaTest"/>
  <testcase name="checkLanguage" time="0.072" classname="com.vlocity.qe.WikipediaTest"/>
  <testcase name="checkLanguage" time="0.076" classname="com.vlocity.qe.WikipediaTest"/>
  <testcase name="checkLanguage" time="0.073" classname="com.vlocity.qe.WikipediaTest"/>
  <testcase name="checkLanguage" time="0.072" classname="com.vlocity.qe.WikipediaTest"/>
  <testcase name="checkLanguage" time="0.077" classname="com.vlocity.qe.WikipediaTest"/>
  <testcase name="checkLink" time="0.914" classname="com.vlocity.qe.WikipediaTest"/>
  <testcase name="checkLink" time="0.733" classname="com.vlocity.qe.WikipediaTest"/>
  <testcase name="checkLink" time="0.958" classname="com.vlocity.qe.WikipediaTest"/>
  <testcase name="checkLink" time="0.768" classname="com.vlocity.qe.WikipediaTest"/>
  <testcase name="checkLink" time="0.793" classname="com.vlocity.qe.WikipediaTest"/>
  <testcase name="checkLink" time="0.771" classname="com.vlocity.qe.WikipediaTest"/>
  <testcase name="checkLink" time="0.84" classname="com.vlocity.qe.WikipediaTest"/>
  <testcase name="checkLink" time="0.742" classname="com.vlocity.qe.WikipediaTest"/>
  <testcase name="checkLink" time="0.865" classname="com.vlocity.qe.WikipediaTest"/>
  <testcase name="checkLink" time="0.751" classname="com.vlocity.qe.WikipediaTest"/>
  <testcase name="sloganPresent" time="0.055" classname="com.vlocity.qe.WikipediaTest"/>
</testsuite> <!-- Default test -->
