<?xml version="1.0" encoding="UTF-8"?>
<testsuite xmlns:xsi="http://www.w3.org/2001/XMLSchema-instance" xsi:noNamespaceSchemaLocation="https://maven.apache.org/surefire/maven-surefire-plugin/xsd/surefire-test-report.xsd" name="TestSuite" time="60.948" tests="21" errors="0" skipped="0" failures="0">
  <properties>
[...]
</properties>
  <testcase name="checkLanguage" classname="com.vlocity.qe.WikipediaTest" time="0.126"/>
  <testcase name="checkLanguage" classname="com.vlocity.qe.WikipediaTest" time="0.15"/>
  <testcase name="checkLanguage" classname="com.vlocity.qe.WikipediaTest" time="0.019"/>
  <testcase name="checkLanguage" classname="com.vlocity.qe.WikipediaTest" time="0.044"/>
  <testcase name="checkLanguage" classname="com.vlocity.qe.WikipediaTest" time="0.071"/>
  <testcase name="checkLanguage" classname="com.vlocity.qe.WikipediaTest" time="0.07"/>
  <testcase name="checkLanguage" classname="com.vlocity.qe.WikipediaTest" time="0.168"/>
  <testcase name="checkLanguage" classname="com.vlocity.qe.WikipediaTest" time="0.011"/>
  <testcase name="checkLanguage" classname="com.vlocity.qe.WikipediaTest" time="0.036"/>
  <testcase name="checkLanguage" classname="com.vlocity.qe.WikipediaTest" time="0.063"/>
  <testcase name="checkLink" classname="com.vlocity.qe.WikipediaTest" time="2.165"/>
  <testcase name="checkLink" classname="com.vlocity.qe.WikipediaTest" time="0.797"/>
  <testcase name="checkLink" classname="com.vlocity.qe.WikipediaTest" time="0.755"/>
  <testcase name="checkLink" classname="com.vlocity.qe.WikipediaTest" time="0.805"/>
  <testcase name="checkLink" classname="com.vlocity.qe.WikipediaTest" time="0.773"/>
  <testcase name="checkLink" classname="com.vlocity.qe.WikipediaTest" time="1.056"/>
  <testcase name="checkLink" classname="com.vlocity.qe.WikipediaTest" time="1.142"/>
  <testcase name="checkLink" classname="com.vlocity.qe.WikipediaTest" time="0.985"/>
  <testcase name="checkLink" classname="com.vlocity.qe.WikipediaTest" time="1.041"/>
  <testcase name="checkLink" classname="com.vlocity.qe.WikipediaTest" time="1.029"/>
  <testcase name="sloganPresent" classname="com.vlocity.qe.WikipediaTest" time="0.063"/>
</testsuite>